<?xml version="1.0" encoding="UTF-8"?>
<testsuite name="MoviesTest" tests="94" skipped="0" failures="0" errors="0" timestamp="2024-03-15T23:36:51" hostname="emu-05" time="0.314">
  <properties/>
  <testcase name="testAddNeg()" classname="MoviesTest" time="0.01"/>
  <testcase name="testAddPos()" classname="MoviesTest" time="0.003"/>
  <testcase name="testAddProductionCompanyNeg()" classname="MoviesTest" time="0.003"/>
  <testcase name="testAddProductionCompanyPos()" classname="MoviesTest" time="0.002"/>
  <testcase name="testAddProductionCountryNeg()" classname="MoviesTest" time="0.002"/>
  <testcase name="testAddProductionCountryPos()" classname="MoviesTest" time="0.002"/>
  <testcase name="testAddToCollectionNeg()" classname="MoviesTest" time="0.001"/>
  <testcase name="testAddToCollectionPos()" classname="MoviesTest" time="0.001"/>
  <testcase name="testAdultPos()" classname="MoviesTest" time="0.001"/>
  <testcase name="testGenreNegID()" classname="MoviesTest" time="0.001"/>
  <testcase name="testGetAdultAll()" classname="MoviesTest" time="0.001"/>
  <testcase name="testGetAdultNeg()" classname="MoviesTest" time="0.001"/>
  <testcase name="testGetAllIDs()" classname="MoviesTest" time="0.002"/>
  <testcase name="testGetAllIDsReleasedInRangeNeg()" classname="MoviesTest" time="0.061"/>
  <testcase name="testGetAllIDsReleasedInRangePos()" classname="MoviesTest" time="0.001"/>
  <testcase name="testGetBudgetAll()" classname="MoviesTest" time="0.001"/>
  <testcase name="testGetBudgetNeg()" classname="MoviesTest" time="0.0"/>
  <testcase name="testGetBudgetPos()" classname="MoviesTest" time="0.001"/>
  <testcase name="testGetCollectionBackdropNeg()" classname="MoviesTest" time="0.001"/>
  <testcase name="testGetCollectionBackdropPos()" classname="MoviesTest" time="0.001"/>
  <testcase name="testGetCollectionIDNeg()" classname="MoviesTest" time="0.001"/>
  <testcase name="testGetCollectionIDPos()" classname="MoviesTest" time="0.001"/>
  <testcase name="testGetCollectionNameNeg()" classname="MoviesTest" time="0.001"/>
  <testcase name="testGetCollectionNamePos()" classname="MoviesTest" time="0.001"/>
  <testcase name="testGetCollectionPosterNeg()" classname="MoviesTest" time="0.001"/>
  <testcase name="testGetCollectionPosterPos()" classname="MoviesTest" time="0.001"/>
  <testcase name="testGetFilmsInCollectionNeg()" classname="MoviesTest" time="0.001"/>
  <testcase name="testGetFilmsInCollectionPos()" classname="MoviesTest" time="0.001"/>
  <testcase name="testGetGenreAll()" classname="MoviesTest" time="0.001"/>
  <testcase name="testGetGenrePos()" classname="MoviesTest" time="0.001"/>
  <testcase name="testGetHomepageAll()" classname="MoviesTest" time="0.001"/>
  <testcase name="testGetHomepageNeg()" classname="MoviesTest" time="0.0"/>
  <testcase name="testGetHomepagePos()" classname="MoviesTest" time="0.0"/>
  <testcase name="testGetIMDBNeg()" classname="MoviesTest" time="0.001"/>
  <testcase name="testGetIMDBPos()" classname="MoviesTest" time="0.001"/>
  <testcase name="testGetLanguagesMany()" classname="MoviesTest" time="0.001"/>
  <testcase name="testGetLanguagesNeg()" classname="MoviesTest" time="0.001"/>
  <testcase name="testGetLanguagesPos()" classname="MoviesTest" time="0.001"/>
  <testcase name="testGetOriginalLanguageAll()" classname="MoviesTest" time="0.001"/>
  <testcase name="testGetOriginalLanguageNeg()" classname="MoviesTest" time="0.0"/>
  <testcase name="testGetOriginalLanguagePos()" classname="MoviesTest" time="0.0"/>
  <testcase name="testGetOriginalTitleAll()" classname="MoviesTest" time="0.07"/>
  <testcase name="testGetOriginalTitleNeg()" classname="MoviesTest" time="0.0"/>
  <testcase name="testGetOriginalTitlePos()" classname="MoviesTest" time="0.001"/>
  <testcase name="testGetOverviewAll()" classname="MoviesTest" time="0.001"/>
  <testcase name="testGetOverviewNeg()" classname="MoviesTest" time="0.001"/>
  <testcase name="testGetOverviewPos()" classname="MoviesTest" time="0.001"/>
  <testcase name="testGetPopularityEmpty()" classname="MoviesTest" time="0.001"/>
  <testcase name="testGetPopularityNeg()" classname="MoviesTest" time="0.001"/>
  <testcase name="testGetPopularityPos()" classname="MoviesTest" time="0.0"/>
  <testcase name="testGetPosterAll()" classname="MoviesTest" time="0.0"/>
  <testcase name="testGetPosterNeg()" classname="MoviesTest" time="0.001"/>
  <testcase name="testGetPosterPos()" classname="MoviesTest" time="0.0"/>
  <testcase name="testGetProductionCompanyNeg()" classname="MoviesTest" time="0.001"/>
  <testcase name="testGetProductionCompanyPos()" classname="MoviesTest" time="0.001"/>
  <testcase name="testGetProductionCountriesNeg()" classname="MoviesTest" time="0.001"/>
  <testcase name="testGetProductionCountryPos()" classname="MoviesTest" time="0.001"/>
  <testcase name="testGetReleaseAll()" classname="MoviesTest" time="0.0"/>
  <testcase name="testGetReleaseNeg()" classname="MoviesTest" time="0.001"/>
  <testcase name="testGetReleaseNegVal()" classname="MoviesTest" time="0.0"/>
  <testcase name="testGetReleasePos()" classname="MoviesTest" time="0.001"/>
  <testcase name="testGetRevenueAll()" classname="MoviesTest" time="0.001"/>
  <testcase name="testGetRevenueNeg()" classname="MoviesTest" time="0.0"/>
  <testcase name="testGetRevenuePos()" classname="MoviesTest" time="0.001"/>
  <testcase name="testGetRuntimeAll()" classname="MoviesTest" time="0.001"/>
  <testcase name="testGetRuntimeNeg()" classname="MoviesTest" time="0.0"/>
  <testcase name="testGetRuntimePos()" classname="MoviesTest" time="0.0"/>
  <testcase name="testGetStatusAll()" classname="MoviesTest" time="0.0"/>
  <testcase name="testGetStatusNeg()" classname="MoviesTest" time="0.001"/>
  <testcase name="testGetStatusPos()" classname="MoviesTest" time="0.001"/>
  <testcase name="testGetTaglineAll()" classname="MoviesTest" time="0.0"/>
  <testcase name="testGetTaglineNeg()" classname="MoviesTest" time="0.075"/>
  <testcase name="testGetTaglinePos()" classname="MoviesTest" time="0.001"/>
  <testcase name="testGetTitleAll()" classname="MoviesTest" time="0.001"/>
  <testcase name="testGetTitleNeg()" classname="MoviesTest" time="0.001"/>
  <testcase name="testGetTitlePos()" classname="MoviesTest" time="0.001"/>
  <testcase name="testGetVideoAll()" classname="MoviesTest" time="0.0"/>
  <testcase name="testGetVideoNeg()" classname="MoviesTest" time="0.0"/>
  <testcase name="testGetVideoPos()" classname="MoviesTest" time="0.001"/>
  <testcase name="testGetVoteAverageNeg()" classname="MoviesTest" time="0.001"/>
  <testcase name="testGetVoteAveragePos()" classname="MoviesTest" time="0.0"/>
  <testcase name="testGetVoteCountNeg()" classname="MoviesTest" time="0.0"/>
  <testcase name="testGetVoteCountPos()" classname="MoviesTest" time="0.0"/>
  <testcase name="testRemoveNeg()" classname="MoviesTest" time="0.0"/>
  <testcase name="testRemovePos()" classname="MoviesTest" time="0.001"/>
  <testcase name="testSetIMDBNeg()" classname="MoviesTest" time="0.001"/>
  <testcase name="testSetIMDBPos()" classname="MoviesTest" time="0.001"/>
  <testcase name="testSetPopularityNeg()" classname="MoviesTest" time="0.0"/>
  <testcase name="testSetPopularityPos()" classname="MoviesTest" time="0.0"/>
  <testcase name="testSetVoteNeg()" classname="MoviesTest" time="0.002"/>
  <testcase name="testSetVotePos()" classname="MoviesTest" time="0.001"/>
  <testcase name="testSize()" classname="MoviesTest" time="0.001"/>
  <testcase name="testfindFilmsNeg()" classname="MoviesTest" time="0.0"/>
  <testcase name="testfindFilmsPos()" classname="MoviesTest" time="0.0"/>
  <system-out><![CDATA[
Starting testAddNeg...

Starting testAddPos...

Starting testAddProductionCompanyNeg...

Starting testAddProductionCompanyPos...

Starting testAddProductionCountryNeg...

Starting testAddProductionCountryPos...

Starting testAddToCollectionNeg...

Starting testAddToCollectionPos...

Starting testAdultPos...

Starting testGenreNeg...

Starting testGetAdultAll...

Starting testGetAdultNeg...

Starting testGetAllIDs...
Initial Size: 2
Final Size: 2

Starting testGetAllIDsReleasedInRangeNeg...
Initial Size: 2
Final Size: 2

Starting testGetAllIDsReleasedInRangePos...
Initial Size: 2
Final Size: 2

Starting testGetBudgetAll...

Starting testGetBudgetNeg...

Starting testGetBudgetPos...
1

Starting testGetCollectionBackdropNeg...

Starting testGetCollectionBackdropPos...

Starting testGetCollectionIDNeg...

Starting testGetCollectionIDPos...

Starting testGetCollectionNameNeg...

Starting testGetCollectionNamePos...

Starting testGetCollectionPosterNeg...

Starting testGetCollectionPosterPos...

Starting testGetFilmsInCollectionNeg...

Starting testGetFilmsInCollectionPos...
Initial Size: 1
Final Size: 1

Starting testGetGenreAll...

Starting testGenrePos...
0
0
[Lstores.Genre;@7ac296f6

Starting testGetHomepageAll...

Starting testGetHomepageNeg...

Starting testGetHomepagePos...
http://homepage.com/homepage

Starting testGetIMDBNeg...

Starting testGetIMDBPos...

Starting testGetLanguagesMany

Starting testGetLanguagesNeg

Starting testGetLanguagesPos

Starting testGetOriginalLanguageAll...

Starting testGetOriginalLanguageNeg...

Starting testGetOriginalLanguagePos...

Starting testGetOriginalTitleAll...

Starting testGetOriginalTitleNeg...

Starting testGetOriginalTitlePos...

Starting testGetOverviewAll...

Starting testGetOverviewNeg...

Starting testGetOverviewPos...

Starting testGetPopularityEmpty...

Starting testGetPopularityNeg...

Starting testGetPopularityPos...

Starting testGetPosterAll...

Starting testGetPosterNeg...
null

Starting testGetPosterPos...

Starting testGetProductionCompanyNeg...

Starting testGetProductionCompanyPos...
Initial Size: 2
Final Size: 2

Starting testGetProductionCountriesNeg...

Starting testGetProductionCountryPos...
Initial Size: 2
Final Size: 2

Starting testGetReleaseAll...

Starting testGetReleaseNeg...

Starting testGetReleaseNeg...

Starting testGetReleasePos...

Starting testGetRevenueAll...

Starting testGetRevenueNeg...

Starting testGetRevenuePos...

Starting testGetRuntimeAll...

Starting testGetRuntimeNeg...

Starting testGetRuntimePos...

Starting testGetStatusAll...

Starting testGetStatusNeg...

Starting testGetStatusPos...

Starting testGetTaglineAll...

Starting testGetTaglineNeg...

Starting testGetTaglinePos...

Starting testGetTitleAll...

Starting testGetTitleNeg...

Starting testGetTitlePos...

Starting testGetVideoAll...

Starting testGetVideoNeg...

Starting testGetVideoPos...

Starting testGetVoteAverageNeg...

Starting testGetVoteAveragePos...

Starting testGetVoteCountNeg...

Starting testGetVoteCountPos...

Starting testRemoveNeg...

Starting testRemovePos...

Starting testSetIMDBNeg...

Starting testGetPosterPos...

Starting testSetPopularityNeg...

Starting testSetPopularityPos...

Starting testSetVoteNeg...

Starting testSetVotePos...

Starting testSize...

Starting testfindFilmsNeg...
Initial Size: 2
Final Size: 2

Starting testfindFilmsPos...
Initial Size: 2
Final Size: 2
]]></system-out>
  <system-err><![CDATA[]]></system-err>
</testsuite>
